<?xml version="1.0" encoding="UTF-8"?>
<!-- Generated by org.testng.reporters.JUnitReportReporter -->
<testsuite hostname="user-PC" name="Zoho.TestCases.calenderRoughWork" tests="1" failures="0" timestamp="15 Oct 2016 08:29:42 GMT" time="0.144" errors="0">
  <testcase name="calenderFunctionality" time="0.144" classname="Zoho.TestCases.calenderRoughWork"/>
</testsuite> <!-- Zoho.TestCases.calenderRoughWork -->
